# JRE version: Java(TM) SE Runtime Environment (17.0.10+11) (build 17.0.10+11-LTS-240)
# Java VM: Java HotSpot(TM) 64-Bit Server VM (17.0.10+11-LTS-240, mixed mode, sharing, tiered, compressed oops, compressed class ptrs, g1 gc, windows-amd64)
GC Precious Log:
 CPUs: 16 total, 16 available
 Memory: 16107M
 Large Page Support: Disabled
 NUMA Support: Disabled
 Compressed Oops: Enabled (Zero based)
 Heap Region Size: 2M
 Heap Min Capacity: 8M
 Heap Initial Capacity: 252M
 Heap Max Capacity: 4028M
 Pre-touch: Disabled
 Parallel Workers: 13
 Concurrent Workers: 3
 Concurrent Refinement Workers: 13
 Periodic GC: Disabled
Heap:
 garbage-first heap   total 75776K, used 41176K [0x0000000704400000, 0x0000000800000000)
  region size 2048K, 6 young (12288K), 2 survivors (4096K)
 Metaspace       used 68329K, committed 68928K, reserved 1114112K
  class space    used 9199K, committed 9472K, reserved 1048576K
GC Heap History (20 events):
Event: 2.711 GC heap before
{Heap before GC invocations=3 (full 0):
 garbage-first heap   total 258048K, used 20834K [0x0000000704400000, 0x0000000800000000)
  region size 2048K, 7 young (14336K), 4 survivors (8192K)
 Metaspace       used 21289K, committed 21504K, reserved 1114112K
  class space    used 2576K, committed 2688K, reserved 1048576K
}
Event: 2.716 GC heap after
{Heap after GC invocations=4 (full 0):
 garbage-first heap   total 258048K, used 17322K [0x0000000704400000, 0x0000000800000000)
  region size 2048K, 4 young (8192K), 4 survivors (8192K)
 Metaspace       used 21289K, committed 21504K, reserved 1114112K
  class space    used 2576K, committed 2688K, reserved 1048576K
}
Event: 3.777 GC heap before
{Heap before GC invocations=5 (full 0):
 garbage-first heap   total 75776K, used 52138K [0x0000000704400000, 0x0000000800000000)
  region size 2048K, 22 young (45056K), 4 survivors (8192K)
 Metaspace       used 28015K, committed 28416K, reserved 1114112K
  class space    used 3503K, committed 3648K, reserved 1048576K
}
Event: 3.788 GC heap after
{Heap after GC invocations=6 (full 0):
 garbage-first heap   total 75776K, used 20488K [0x0000000704400000, 0x0000000800000000)
  region size 2048K, 2 young (4096K), 2 survivors (4096K)
 Metaspace       used 28015K, committed 28416K, reserved 1114112K
  class space    used 3503K, committed 3648K, reserved 1048576K
}
Event: 4.529 GC heap before
{Heap before GC invocations=6 (full 0):
 garbage-first heap   total 75776K, used 47112K [0x0000000704400000, 0x0000000800000000)
  region size 2048K, 16 young (32768K), 2 survivors (4096K)
 Metaspace       used 33923K, committed 34368K, reserved 1114112K
  class space    used 4391K, committed 4608K, reserved 1048576K
}
Event: 4.535 GC heap after
{Heap after GC invocations=7 (full 0):
 garbage-first heap   total 75776K, used 22047K [0x0000000704400000, 0x0000000800000000)
  region size 2048K, 1 young (2048K), 1 survivors (2048K)
 Metaspace       used 33923K, committed 34368K, reserved 1114112K
  class space    used 4391K, committed 4608K, reserved 1048576K
}
Event: 4.729 GC heap before
{Heap before GC invocations=7 (full 0):
 garbage-first heap   total 75776K, used 28191K [0x0000000704400000, 0x0000000800000000)
  region size 2048K, 5 young (10240K), 1 survivors (2048K)
 Metaspace       used 35550K, committed 35968K, reserved 1114112K
  class space    used 4640K, committed 4864K, reserved 1048576K
}
Event: 4.733 GC heap after
{Heap after GC invocations=8 (full 0):
 garbage-first heap   total 75776K, used 22125K [0x0000000704400000, 0x0000000800000000)
  region size 2048K, 1 young (2048K), 1 survivors (2048K)
 Metaspace       used 35550K, committed 35968K, reserved 1114112K
  class space    used 4640K, committed 4864K, reserved 1048576K
}
Event: 5.676 GC heap before
{Heap before GC invocations=9 (full 0):
 garbage-first heap   total 75776K, used 52845K [0x0000000704400000, 0x0000000800000000)
  region size 2048K, 16 young (32768K), 1 survivors (2048K)
 Metaspace       used 43049K, committed 43456K, reserved 1114112K
  class space    used 5647K, committed 5824K, reserved 1048576K
}
Event: 5.680 GC heap after
{Heap after GC invocations=10 (full 0):
 garbage-first heap   total 75776K, used 23949K [0x0000000704400000, 0x0000000800000000)
  region size 2048K, 2 young (4096K), 2 survivors (4096K)
 Metaspace       used 43049K, committed 43456K, reserved 1114112K
  class space    used 5647K, committed 5824K, reserved 1048576K
}
Event: 6.581 GC heap before
{Heap before GC invocations=10 (full 0):
 garbage-first heap   total 75776K, used 54669K [0x0000000704400000, 0x0000000800000000)
  region size 2048K, 17 young (34816K), 2 survivors (4096K)
 Metaspace       used 51277K, committed 51840K, reserved 1114112K
  class space    used 7003K, committed 7296K, reserved 1048576K
}
Event: 6.586 GC heap after
{Heap after GC invocations=11 (full 0):
 garbage-first heap   total 75776K, used 25320K [0x0000000704400000, 0x0000000800000000)
  region size 2048K, 2 young (4096K), 2 survivors (4096K)
 Metaspace       used 51277K, committed 51840K, reserved 1114112K
  class space    used 7003K, committed 7296K, reserved 1048576K
}
Event: 7.242 GC heap before
{Heap before GC invocations=11 (full 0):
 garbage-first heap   total 75776K, used 56040K [0x0000000704400000, 0x0000000800000000)
  region size 2048K, 17 young (34816K), 2 survivors (4096K)
 Metaspace       used 55385K, committed 55872K, reserved 1114112K
  class space    used 7506K, committed 7744K, reserved 1048576K
}
Event: 7.248 GC heap after
{Heap after GC invocations=12 (full 0):
 garbage-first heap   total 75776K, used 28366K [0x0000000704400000, 0x0000000800000000)
  region size 2048K, 3 young (6144K), 3 survivors (6144K)
 Metaspace       used 55385K, committed 55872K, reserved 1114112K
  class space    used 7506K, committed 7744K, reserved 1048576K
}
Event: 7.829 GC heap before
{Heap before GC invocations=12 (full 0):
 garbage-first heap   total 75776K, used 46798K [0x0000000704400000, 0x0000000800000000)
  region size 2048K, 14 young (28672K), 3 survivors (6144K)
 Metaspace       used 59689K, committed 60160K, reserved 1114112K
  class space    used 8063K, committed 8320K, reserved 1048576K
}
Event: 7.835 GC heap after
{Heap after GC invocations=13 (full 0):
 garbage-first heap   total 75776K, used 31610K [0x0000000704400000, 0x0000000800000000)
  region size 2048K, 2 young (4096K), 2 survivors (4096K)
 Metaspace       used 59689K, committed 60160K, reserved 1114112K
  class space    used 8063K, committed 8320K, reserved 1048576K
}
Event: 271.779 GC heap before
{Heap before GC invocations=14 (full 0):
 garbage-first heap   total 75776K, used 54138K [0x0000000704400000, 0x0000000800000000)
  region size 2048K, 14 young (28672K), 2 survivors (4096K)
 Metaspace       used 63902K, committed 64384K, reserved 1114112K
  class space    used 8595K, committed 8832K, reserved 1048576K
}
Event: 271.786 GC heap after
{Heap after GC invocations=15 (full 0):
 garbage-first heap   total 75776K, used 33653K [0x0000000704400000, 0x0000000800000000)
  region size 2048K, 2 young (4096K), 2 survivors (4096K)
 Metaspace       used 63902K, committed 64384K, reserved 1114112K
  class space    used 8595K, committed 8832K, reserved 1048576K
}
Event: 1799.610 GC heap before
{Heap before GC invocations=15 (full 0):
 garbage-first heap   total 75776K, used 52085K [0x0000000704400000, 0x0000000800000000)
  region size 2048K, 12 young (24576K), 2 survivors (4096K)
 Metaspace       used 68274K, committed 68800K, reserved 1114112K
  class space    used 9196K, committed 9472K, reserved 1048576K
}
Event: 1799.645 GC heap after
{Heap after GC invocations=16 (full 0):
 garbage-first heap   total 75776K, used 35032K [0x0000000704400000, 0x0000000800000000)
  region size 2048K, 2 young (4096K), 2 survivors (4096K)
 Metaspace       used 68274K, committed 68800K, reserved 1114112K
  class space    used 9196K, committed 9472K, reserved 1048576K
}

