# JRE version: Java(TM) SE Runtime Environment (17.0.10+11) (build 17.0.10+11-LTS-240)
# Java VM: Java HotSpot(TM) 64-Bit Server VM (17.0.10+11-LTS-240, mixed mode, sharing, tiered, compressed oops, compressed class ptrs, g1 gc, windows-amd64)
GC Precious Log:
 CPUs: 16 total, 16 available
 Memory: 16107M
 Large Page Support: Disabled
 NUMA Support: Disabled
 Compressed Oops: Enabled (Zero based)
 Heap Region Size: 2M
 Heap Min Capacity: 8M
 Heap Initial Capacity: 252M
 Heap Max Capacity: 4028M
 Pre-touch: Disabled
 Parallel Workers: 13
 Concurrent Workers: 3
 Concurrent Refinement Workers: 13
 Periodic GC: Disabled
Heap:
 garbage-first heap   total 83968K, used 43140K [0x0000000704400000, 0x0000000800000000)
  region size 2048K, 8 young (16384K), 2 survivors (4096K)
 Metaspace       used 66015K, committed 66496K, reserved 1114112K
  class space    used 8858K, committed 9088K, reserved 1048576K
GC Heap History (20 events):
Event: 1.950 GC heap before
{Heap before GC invocations=2 (full 0):
 garbage-first heap   total 258048K, used 70719K [0x0000000704400000, 0x0000000800000000)
  region size 2048K, 30 young (61440K), 1 survivors (2048K)
 Metaspace       used 20574K, committed 20864K, reserved 1114112K
  class space    used 2481K, committed 2624K, reserved 1048576K
}
Event: 1.959 GC heap after
{Heap after GC invocations=3 (full 0):
 garbage-first heap   total 258048K, used 16207K [0x0000000704400000, 0x0000000800000000)
  region size 2048K, 4 young (8192K), 4 survivors (8192K)
 Metaspace       used 20574K, committed 20864K, reserved 1114112K
  class space    used 2481K, committed 2624K, reserved 1048576K
}
Event: 2.069 GC heap before
{Heap before GC invocations=3 (full 0):
 garbage-first heap   total 258048K, used 20303K [0x0000000704400000, 0x0000000800000000)
  region size 2048K, 7 young (14336K), 4 survivors (8192K)
 Metaspace       used 21289K, committed 21504K, reserved 1114112K
  class space    used 2574K, committed 2688K, reserved 1048576K
}
Event: 2.075 GC heap after
{Heap after GC invocations=4 (full 0):
 garbage-first heap   total 258048K, used 16873K [0x0000000704400000, 0x0000000800000000)
  region size 2048K, 4 young (8192K), 4 survivors (8192K)
 Metaspace       used 21289K, committed 21504K, reserved 1114112K
  class space    used 2574K, committed 2688K, reserved 1048576K
}
Event: 2.996 GC heap before
{Heap before GC invocations=5 (full 0):
 garbage-first heap   total 69632K, used 49641K [0x0000000704400000, 0x0000000800000000)
  region size 2048K, 20 young (40960K), 4 survivors (8192K)
 Metaspace       used 27544K, committed 27968K, reserved 1114112K
  class space    used 3448K, committed 3648K, reserved 1048576K
}
Event: 3.017 GC heap after
{Heap after GC invocations=6 (full 0):
 garbage-first heap   total 69632K, used 19925K [0x0000000704400000, 0x0000000800000000)
  region size 2048K, 2 young (4096K), 2 survivors (4096K)
 Metaspace       used 27544K, committed 27968K, reserved 1114112K
  class space    used 3448K, committed 3648K, reserved 1048576K
}
Event: 3.673 GC heap before
{Heap before GC invocations=6 (full 0):
 garbage-first heap   total 69632K, used 46549K [0x0000000704400000, 0x0000000800000000)
  region size 2048K, 15 young (30720K), 2 survivors (4096K)
 Metaspace       used 32732K, committed 33152K, reserved 1114112K
  class space    used 4201K, committed 4416K, reserved 1048576K
}
Event: 3.678 GC heap after
{Heap after GC invocations=7 (full 0):
 garbage-first heap   total 69632K, used 21447K [0x0000000704400000, 0x0000000800000000)
  region size 2048K, 1 young (2048K), 1 survivors (2048K)
 Metaspace       used 32732K, committed 33152K, reserved 1114112K
  class space    used 4201K, committed 4416K, reserved 1048576K
}
Event: 3.925 GC heap before
{Heap before GC invocations=7 (full 0):
 garbage-first heap   total 69632K, used 31687K [0x0000000704400000, 0x0000000800000000)
  region size 2048K, 7 young (14336K), 1 survivors (2048K)
 Metaspace       used 35510K, committed 35968K, reserved 1114112K
  class space    used 4631K, committed 4864K, reserved 1048576K
}
Event: 3.928 GC heap after
{Heap after GC invocations=8 (full 0):
 garbage-first heap   total 69632K, used 21664K [0x0000000704400000, 0x0000000800000000)
  region size 2048K, 1 young (2048K), 1 survivors (2048K)
 Metaspace       used 35510K, committed 35968K, reserved 1114112K
  class space    used 4631K, committed 4864K, reserved 1048576K
}
Event: 4.777 GC heap before
{Heap before GC invocations=9 (full 0):
 garbage-first heap   total 69632K, used 50336K [0x0000000704400000, 0x0000000800000000)
  region size 2048K, 15 young (30720K), 1 survivors (2048K)
 Metaspace       used 42670K, committed 43072K, reserved 1114112K
  class space    used 5569K, committed 5760K, reserved 1048576K
}
Event: 4.781 GC heap after
{Heap after GC invocations=10 (full 0):
 garbage-first heap   total 83968K, used 23338K [0x0000000704400000, 0x0000000800000000)
  region size 2048K, 2 young (4096K), 2 survivors (4096K)
 Metaspace       used 42670K, committed 43072K, reserved 1114112K
  class space    used 5569K, committed 5760K, reserved 1048576K
}
Event: 5.487 GC heap before
{Heap before GC invocations=10 (full 0):
 garbage-first heap   total 83968K, used 58154K [0x0000000704400000, 0x0000000800000000)
  region size 2048K, 20 young (40960K), 2 survivors (4096K)
 Metaspace       used 51914K, committed 52416K, reserved 1114112K
  class space    used 7053K, committed 7296K, reserved 1048576K
}
Event: 5.492 GC heap after
{Heap after GC invocations=11 (full 0):
 garbage-first heap   total 83968K, used 25476K [0x0000000704400000, 0x0000000800000000)
  region size 2048K, 3 young (6144K), 3 survivors (6144K)
 Metaspace       used 51914K, committed 52416K, reserved 1114112K
  class space    used 7053K, committed 7296K, reserved 1048576K
}
Event: 6.509 GC heap before
{Heap before GC invocations=11 (full 0):
 garbage-first heap   total 83968K, used 60292K [0x0000000704400000, 0x0000000800000000)
  region size 2048K, 20 young (40960K), 3 survivors (6144K)
 Metaspace       used 58053K, committed 58560K, reserved 1114112K
  class space    used 7841K, committed 8064K, reserved 1048576K
}
Event: 6.516 GC heap after
{Heap after GC invocations=12 (full 0):
 garbage-first heap   total 83968K, used 29076K [0x0000000704400000, 0x0000000800000000)
  region size 2048K, 3 young (6144K), 3 survivors (6144K)
 Metaspace       used 58053K, committed 58560K, reserved 1114112K
  class space    used 7841K, committed 8064K, reserved 1048576K
}
Event: 6.747 GC heap before
{Heap before GC invocations=12 (full 0):
 garbage-first heap   total 83968K, used 39316K [0x0000000704400000, 0x0000000800000000)
  region size 2048K, 9 young (18432K), 3 survivors (6144K)
 Metaspace       used 59663K, committed 60160K, reserved 1114112K
  class space    used 8064K, committed 8320K, reserved 1048576K
}
Event: 6.753 GC heap after
{Heap after GC invocations=13 (full 0):
 garbage-first heap   total 83968K, used 31260K [0x0000000704400000, 0x0000000800000000)
  region size 2048K, 2 young (4096K), 2 survivors (4096K)
 Metaspace       used 59663K, committed 60160K, reserved 1114112K
  class space    used 8064K, committed 8320K, reserved 1048576K
}
Event: 22.127 GC heap before
{Heap before GC invocations=14 (full 0):
 garbage-first heap   total 83968K, used 57884K [0x0000000704400000, 0x0000000800000000)
  region size 2048K, 16 young (32768K), 2 survivors (4096K)
 Metaspace       used 64836K, committed 65280K, reserved 1114112K
  class space    used 8748K, committed 8960K, reserved 1048576K
}
Event: 22.134 GC heap after
{Heap after GC invocations=15 (full 0):
 garbage-first heap   total 83968K, used 32900K [0x0000000704400000, 0x0000000800000000)
  region size 2048K, 2 young (4096K), 2 survivors (4096K)
 Metaspace       used 64836K, committed 65280K, reserved 1114112K
  class space    used 8748K, committed 8960K, reserved 1048576K
}

